<?xml version="1.0" encoding="UTF-8" ?>
<testsuite tests="67" failures="0" name="myqualityassurancetest.de.AcceptanceTest" time="0.312" errors="0" skipped="0">
  <properties>
    <property name="idea.version" value="2017.2.3"/>
    <property name="java.runtime.name" value="Java(TM) SE Runtime Environment"/>
    <property name="sun.boot.library.path" value="C:\Program Files\Java\jdk1.8.0_91\jre\bin"/>
    <property name="java.vm.version" value="25.91-b15"/>
    <property name="java.vm.vendor" value="Oracle Corporation"/>
    <property name="maven.multiModuleProjectDirectory" value="C:\DANE_RAFAL\PRACA\ProjectsIntelij\Calculator"/>
    <property name="java.vendor.url" value="http://java.oracle.com/"/>
    <property name="path.separator" value=";"/>
    <property name="guice.disable.misplaced.annotation.check" value="true"/>
    <property name="java.vm.name" value="Java HotSpot(TM) 64-Bit Server VM"/>
    <property name="file.encoding.pkg" value="sun.io"/>
    <property name="user.script" value=""/>
    <property name="user.country" value="PL"/>
    <property name="sun.java.launcher" value="SUN_STANDARD"/>
    <property name="sun.os.patch.level" value="Service Pack 1"/>
    <property name="java.vm.specification.name" value="Java Virtual Machine Specification"/>
    <property name="user.dir" value="C:\DANE_RAFAL\PRACA\ProjectsIntelij\Calculator"/>
    <property name="java.runtime.version" value="1.8.0_91-b15"/>
    <property name="java.awt.graphicsenv" value="sun.awt.Win32GraphicsEnvironment"/>
    <property name="java.endorsed.dirs" value="C:\Program Files\Java\jdk1.8.0_91\jre\lib\endorsed"/>
    <property name="os.arch" value="amd64"/>
    <property name="java.io.tmpdir" value="C:\Users\RSKORU~1\AppData\Local\Temp\"/>
    <property name="line.separator" value="
"/>
    <property name="java.vm.specification.vendor" value="Oracle Corporation"/>
    <property name="user.variant" value=""/>
    <property name="os.name" value="Windows 7"/>
    <property name="classworlds.conf" value="C:\IntellijIDEA\ideaIC-2017.2.2.win\plugins\maven\lib\maven3\bin\m2.conf"/>
    <property name="sun.jnu.encoding" value="Cp1250"/>
    <property name="java.library.path" value="C:\Program Files\Java\jdk1.8.0_91\bin;C:\windows\Sun\Java\bin;C:\windows\system32;C:\windows;C:\Program Files\Common Files\Microsoft Shared\Windows Live;C:\Program Files (x86)\Common Files\Microsoft Shared\Windows Live;C:\Ruby22-x64\bin;C:\Program Files\Java\jdk1.8.0_91\bin;C:\ProgramData\Oracle\Java\javapath;C:\Program Files\Common Files\Microsoft Shared\Microsoft Online Services;C:\Program Files (x86)\Common Files\Microsoft Shared\Microsoft Online Services;C:\windows\system32;C:\windows;C:\windows\System32\Wbem;C:\windows\System32\WindowsPowerShell\v1.0\;C:\Program Files (x86)\QuickTime\QTSystem\;C:\Program Files\SlikSvn\bin;C:\Program Files\OpenVPN\bin;C:\Program Files\Apache Software Fundation\apache-maven-3.2.3\bin;C:\ProgramData\chocolatey\bin;C:\Program Files\TortoiseSVN\bin;C:\Program Files (x86)\Windows Live\Shared;C:\Program Files\SASHome\x86\Secure\ccme4;C:\Program Files\SASHome\Secure\ccme4;C:\Program Files\SASHome\Secure;C:\Program Files\SASHome\x86\Secure;C:\Program Files\Git\cmd;C:\Program Files\Calibre2\;C:\Program Files\nodejs\;C:\Users\rskorupski\AppData\Roaming\npm;."/>
    <property name="java.specification.name" value="Java Platform API Specification"/>
    <property name="java.class.version" value="52.0"/>
    <property name="sun.management.compiler" value="HotSpot 64-Bit Tiered Compilers"/>
    <property name="os.version" value="6.1"/>
    <property name="user.home" value="C:\Users\rskorupski"/>
    <property name="user.timezone" value="Europe/Belgrade"/>
    <property name="java.awt.printerjob" value="sun.awt.windows.WPrinterJob"/>
    <property name="java.specification.version" value="1.8"/>
    <property name="file.encoding" value="UTF-8"/>
    <property name="user.name" value="rskorupski"/>
    <property name="java.class.path" value="C:\IntellijIDEA\ideaIC-2017.2.2.win\plugins\maven\lib\maven3\boot\plexus-classworlds-2.5.2.jar;C:\IntellijIDEA\ideaIC-2017.2.2.win\lib\idea_rt.jar"/>
    <property name="java.vm.specification.version" value="1.8"/>
    <property name="sun.arch.data.model" value="64"/>
    <property name="java.home" value="C:\Program Files\Java\jdk1.8.0_91\jre"/>
    <property name="sun.java.command" value="org.codehaus.classworlds.Launcher -Didea.version=2017.2.3 test serenity:aggregate"/>
    <property name="java.specification.vendor" value="Oracle Corporation"/>
    <property name="user.language" value="pl"/>
    <property name="awt.toolkit" value="sun.awt.windows.WToolkit"/>
    <property name="java.vm.info" value="mixed mode"/>
    <property name="java.version" value="1.8.0_91"/>
    <property name="java.ext.dirs" value="C:\Program Files\Java\jdk1.8.0_91\jre\lib\ext;C:\windows\Sun\Java\lib\ext"/>
    <property name="sun.boot.class.path" value="C:\Program Files\Java\jdk1.8.0_91\jre\lib\resources.jar;C:\Program Files\Java\jdk1.8.0_91\jre\lib\rt.jar;C:\Program Files\Java\jdk1.8.0_91\jre\lib\sunrsasign.jar;C:\Program Files\Java\jdk1.8.0_91\jre\lib\jsse.jar;C:\Program Files\Java\jdk1.8.0_91\jre\lib\jce.jar;C:\Program Files\Java\jdk1.8.0_91\jre\lib\charsets.jar;C:\Program Files\Java\jdk1.8.0_91\jre\lib\jfr.jar;C:\Program Files\Java\jdk1.8.0_91\jre\classes"/>
    <property name="java.vendor" value="Oracle Corporation"/>
    <property name="maven.home" value="C:\IntellijIDEA\ideaIC-2017.2.2.win\plugins\maven\lib\maven3"/>
    <property name="file.separator" value="\"/>
    <property name="java.vendor.url.bug" value="http://bugreport.sun.com/bugreport/"/>
    <property name="sun.cpu.endian" value="little"/>
    <property name="sun.io.unicode.encoding" value="UnicodeLittle"/>
    <property name="sun.desktop" value="windows"/>
    <property name="sun.cpu.isalist" value="amd64"/>
  </properties>
  <testcase classname="java.lang.Object" name="BeforeStories" time="0.141"/>
  <testcase classname="myqualityassurancetest.de.Calculator" name="Given a Calculator Class with operation sign &lt;sign&gt;" time="0.031"/>
  <testcase classname="myqualityassurancetest.de.Calculator" name="When I give the first number &lt;number1&gt;" time="0"/>
  <testcase classname="myqualityassurancetest.de.Calculator" name="And I give the second number &lt;number2&gt;" time="0.016"/>
  <testcase classname="myqualityassurancetest.de.Calculator" name="Then I should get the result as &lt;result&gt;" time="0"/>
  <testcase classname="myqualityassurancetest.de.Calculator" name="Given a Calculator Class with operation sign &lt;sign&gt;" time="0"/>
  <testcase classname="myqualityassurancetest.de.Calculator" name="When I give the first number &lt;number1&gt;" time="0.031"/>
  <testcase classname="myqualityassurancetest.de.Calculator" name="And I give the second number &lt;number2&gt;" time="0"/>
  <testcase classname="myqualityassurancetest.de.Calculator" name="Then I should get the result as &lt;result&gt;" time="0"/>
  <testcase classname="myqualityassurancetest.de.Calculator" name="Given a Calculator Class with operation sign &lt;sign&gt;" time="0"/>
  <testcase classname="myqualityassurancetest.de.Calculator" name="When I give the first number &lt;number1&gt;" time="0"/>
  <testcase classname="myqualityassurancetest.de.Calculator" name="And I give the second number &lt;number2&gt;" time="0"/>
  <testcase classname="myqualityassurancetest.de.Calculator" name="Then I should get the result as &lt;result&gt;" time="0"/>
  <testcase classname="myqualityassurancetest.de.Calculator" name="Given a Calculator Class with operation sign &lt;sign&gt;" time="0"/>
  <testcase classname="myqualityassurancetest.de.Calculator" name="When I give the first number &lt;number1&gt;" time="0"/>
  <testcase classname="myqualityassurancetest.de.Calculator" name="And I give the second number &lt;number2&gt;" time="0"/>
  <testcase classname="myqualityassurancetest.de.Calculator" name="Then I should get the result as &lt;result&gt;" time="0"/>
  <testcase classname="myqualityassurancetest.de.Calculator" name="Given a Calculator Class with operation sign &lt;sign&gt;" time="0"/>
  <testcase classname="myqualityassurancetest.de.Calculator" name="When I give the first number &lt;number1&gt;" time="0"/>
  <testcase classname="myqualityassurancetest.de.Calculator" name="And I give the second number &lt;number2&gt;" time="0"/>
  <testcase classname="myqualityassurancetest.de.Calculator" name="Then I should get the result as &lt;result&gt;" time="0"/>
  <testcase classname="myqualityassurancetest.de.Calculator" name="Given a Calculator Class with operation sign &lt;sign&gt;" time="0"/>
  <testcase classname="myqualityassurancetest.de.Calculator" name="When I give the first number &lt;number1&gt;" time="0"/>
  <testcase classname="myqualityassurancetest.de.Calculator" name="And I give the second number &lt;number2&gt;" time="0"/>
  <testcase classname="myqualityassurancetest.de.Calculator" name="Then I should get the result as &lt;result&gt;" time="0"/>
  <testcase classname="myqualityassurancetest.de.Calculator" name="Given a Calculator Class with operation sign &lt;sign&gt;" time="0"/>
  <testcase classname="myqualityassurancetest.de.Calculator" name="When I give the first number &lt;number1&gt;" time="0"/>
  <testcase classname="myqualityassurancetest.de.Calculator" name="And I give the second number &lt;number2&gt;" time="0"/>
  <testcase classname="myqualityassurancetest.de.Calculator" name="Then I should get the result as &lt;result&gt;" time="0"/>
  <testcase classname="myqualityassurancetest.de.Calculator" name="Given a Calculator Class with operation sign &lt;sign&gt;" time="0"/>
  <testcase classname="myqualityassurancetest.de.Calculator" name="When I give the first number &lt;number1&gt;" time="0"/>
  <testcase classname="myqualityassurancetest.de.Calculator" name="And I give the second number &lt;number2&gt;" time="0"/>
  <testcase classname="myqualityassurancetest.de.Calculator" name="Then I should get the result as &lt;result&gt;" time="0"/>
  <testcase classname="myqualityassurancetest.de.Calculator" name="Given a Calculator Class with operation sign &lt;sign&gt;" time="0"/>
  <testcase classname="myqualityassurancetest.de.Calculator" name="When I give the first number &lt;number1&gt;" time="0"/>
  <testcase classname="myqualityassurancetest.de.Calculator" name="And I give the second number &lt;number2&gt;" time="0"/>
  <testcase classname="myqualityassurancetest.de.Calculator" name="Then I should get the result as &lt;result&gt;" time="0"/>
  <testcase classname="myqualityassurancetest.de.Calculator" name="Given a Calculator Class with operation sign &lt;sign&gt;" time="0"/>
  <testcase classname="myqualityassurancetest.de.Calculator" name="When I give the first number &lt;number1&gt;" time="0.015"/>
  <testcase classname="myqualityassurancetest.de.Calculator" name="And I give the second number &lt;number2&gt;" time="0"/>
  <testcase classname="myqualityassurancetest.de.Calculator" name="Then I should get the result as &lt;result&gt;" time="0"/>
  <testcase classname="myqualityassurancetest.de.Calculator" name="Given a Calculator Class with operation sign &lt;sign&gt;" time="0"/>
  <testcase classname="myqualityassurancetest.de.Calculator" name="When I give the first number &lt;number1&gt;" time="0"/>
  <testcase classname="myqualityassurancetest.de.Calculator" name="And I give the second number &lt;number2&gt;" time="0"/>
  <testcase classname="myqualityassurancetest.de.Calculator" name="Then I should get the result as &lt;result&gt;" time="0.016"/>
  <testcase classname="myqualityassurancetest.de.Calculator" name="Given a Calculator Class with operation sign &lt;sign&gt;" time="0"/>
  <testcase classname="myqualityassurancetest.de.Calculator" name="When I give the first number &lt;number1&gt;" time="0"/>
  <testcase classname="myqualityassurancetest.de.Calculator" name="And I give the second number &lt;number2&gt;" time="0"/>
  <testcase classname="myqualityassurancetest.de.Calculator" name="Then I should get the result as &lt;result&gt;" time="0"/>
  <testcase classname="Scenario: scenario Adddition" name="Scenario: scenario Adddition" time="0"/>
  <testcase classname="myqualityassurancetest.de.Calculator" name="Given a Calculator Class with operation sign &lt;sign&gt;" time="0"/>
  <testcase classname="myqualityassurancetest.de.Calculator" name="When I give the first number &lt;number1&gt;" time="0"/>
  <testcase classname="myqualityassurancetest.de.Calculator" name="And I give the second number &lt;number2&gt;" time="0"/>
  <testcase classname="myqualityassurancetest.de.Calculator" name="Then I should get the result as &lt;result&gt;" time="0"/>
  <testcase classname="Scenario: scenario Substraction" name="Scenario: scenario Substraction" time="0.047"/>
  <testcase classname="myqualityassurancetest.de.Calculator" name="Given a Calculator Class with operation sign &lt;sign&gt;" time="0"/>
  <testcase classname="myqualityassurancetest.de.Calculator" name="When I give the first number &lt;number1&gt;" time="0"/>
  <testcase classname="myqualityassurancetest.de.Calculator" name="And I give the second number &lt;number2&gt;" time="0"/>
  <testcase classname="myqualityassurancetest.de.Calculator" name="Then I should get the result as &lt;result&gt;" time="0"/>
  <testcase classname="Scenario: scenario Multiplication" name="Scenario: scenario Multiplication" time="0"/>
  <testcase classname="myqualityassurancetest.de.Calculator" name="Given a Calculator Class with operation sign &lt;sign&gt;" time="0"/>
  <testcase classname="myqualityassurancetest.de.Calculator" name="When I give the first number &lt;number1&gt;" time="0"/>
  <testcase classname="myqualityassurancetest.de.Calculator" name="And I give the second number &lt;number2&gt;" time="0"/>
  <testcase classname="myqualityassurancetest.de.Calculator" name="Then I should get the result as &lt;result&gt;" time="0"/>
  <testcase classname="Scenario: scenario Division" name="Scenario: scenario Division" time="0"/>
  <testcase classname="calculator.story" name="calculator.story" time="0.015"/>
  <testcase classname="java.lang.Object" name="AfterStories" time="0"/>
</testsuite>